build/app/intermediates/manifest_merge_blame_file/debug/manifest-merger-blame-debug-report.txt
1<?xml version="1.0" encoding="utf-8"?>
2<manifest xmlns:android="http://schemas.android.com/apk/res/android"
3    package="com.tycho.tychostreams"
4    android:versionCode="1"
5    android:versionName="1.0.0" >
6
7    <uses-sdk
8        android:minSdkVersion="21"
9        android:targetSdkVersion="33" />
10    <!--
11         The INTERNET permission is required for development. Specifically,
12         the Flutter tool needs it to communicate with the running application
13         to allow setting breakpoints, to provide hot reload, etc.
14    -->
15    <uses-permission android:name="android.permission.INTERNET" />
15-->src\main\AndroidManifest.xml:7:5-67
15-->src\main\AndroidManifest.xml:7:22-64
16    <uses-permission android:name="android.permission.READ_EXTERNAL_STORAGE" />
16-->src\main\AndroidManifest.xml:4:5-80
16-->src\main\AndroidManifest.xml:4:22-77
17    <uses-permission android:name="android.permission.WRITE_EXTERNAL_STORAGE" />
17-->src\main\AndroidManifest.xml:5:5-81
17-->src\main\AndroidManifest.xml:5:22-78
18    <uses-permission android:name="android.permission.RECORD_AUDIO" />
18-->src\main\AndroidManifest.xml:6:5-71
18-->src\main\AndroidManifest.xml:6:22-68
19    <uses-permission android:name="android.permission.FOREGROUND_SERVICE" />
19-->src\main\AndroidManifest.xml:8:5-77
19-->src\main\AndroidManifest.xml:8:22-74
20    <uses-permission android:name="com.android.vending.BILLING" />
20-->src\main\AndroidManifest.xml:9:5-67
20-->src\main\AndroidManifest.xml:9:22-64
21    <uses-permission android:name="android.permission.WAKE_LOCK" />
21-->[:firebase_messaging] AndroidManifest.xml:10:5-68
21-->[:firebase_messaging] AndroidManifest.xml:10:22-65
22    <uses-permission android:name="android.permission.ACCESS_NETWORK_STATE" /> <!-- Permissions options for the `notification` group -->
22-->[:firebase_messaging] AndroidManifest.xml:11:5-79
22-->[:firebase_messaging] AndroidManifest.xml:11:22-76
23    <uses-permission android:name="android.permission.POST_NOTIFICATIONS" />
23-->[:firebase_messaging] AndroidManifest.xml:13:5-77
23-->[:firebase_messaging] AndroidManifest.xml:13:22-74
24
25    <queries>
25-->[:file_picker] AndroidManifest.xml:11:5-17:15
26        <intent>
26-->[:file_picker] AndroidManifest.xml:12:9-16:18
27            <action android:name="android.intent.action.GET_CONTENT" />
27-->[:file_picker] AndroidManifest.xml:13:13-72
27-->[:file_picker] AndroidManifest.xml:13:21-69
28
29            <data android:mimeType="*/*" />
29-->[:file_picker] AndroidManifest.xml:15:13-44
29-->[:file_picker] AndroidManifest.xml:15:19-41
30        </intent>
31        <intent>
31-->[com.android.billingclient:billing:5.1.0] AndroidManifest.xml:17:9-19:18
32            <action android:name="com.android.vending.billing.InAppBillingService.BIND" />
32-->[com.android.billingclient:billing:5.1.0] AndroidManifest.xml:18:13-91
32-->[com.android.billingclient:billing:5.1.0] AndroidManifest.xml:18:21-88
33        </intent>
34
35        <package android:name="com.facebook.katana" />
35-->[com.facebook.android:facebook-common:15.2.0] AndroidManifest.xml:18:9-55
35-->[com.facebook.android:facebook-common:15.2.0] AndroidManifest.xml:18:18-52
36    </queries> <!-- Required by older versions of Google Play services to create IID tokens -->
37    <uses-permission android:name="com.google.android.c2dm.permission.RECEIVE" />
37-->[com.google.firebase:firebase-messaging:23.1.1] AndroidManifest.xml:28:5-82
37-->[com.google.firebase:firebase-messaging:23.1.1] AndroidManifest.xml:28:22-79
38    <uses-permission android:name="com.google.android.gms.permission.AD_ID" />
38-->[com.google.android.gms:play-services-measurement-api:21.2.0] AndroidManifest.xml:25:5-79
38-->[com.google.android.gms:play-services-measurement-api:21.2.0] AndroidManifest.xml:25:22-76
39    <uses-permission android:name="android.permission.RECEIVE_BOOT_COMPLETED" />
39-->[androidx.work:work-runtime:2.7.0] AndroidManifest.xml:27:5-81
39-->[androidx.work:work-runtime:2.7.0] AndroidManifest.xml:27:22-78
40    <uses-permission android:name="com.google.android.finsky.permission.BIND_GET_INSTALL_REFERRER_SERVICE" />
40-->[com.google.android.gms:play-services-measurement:21.2.0] AndroidManifest.xml:26:5-110
40-->[com.google.android.gms:play-services-measurement:21.2.0] AndroidManifest.xml:26:22-107
41
42    <application
43        android:name="android.app.Application"
44        android:appComponentFactory="androidx.core.app.CoreComponentFactory"
44-->[androidx.core:core:1.8.0] AndroidManifest.xml:24:18-86
45        android:debuggable="true"
46        android:icon="@mipmap/ic_launcher"
47        android:label="tycho_streams"
48        android:supportsRtl="true" >
48-->[com.facebook.android:facebook-login:15.2.0] AndroidManifest.xml:16:18-44
49        <meta-data
50            android:name="com.facebook.sdk.ApplicationId"
51            android:value="@string/facebook_app_id" />
52        <meta-data
53            android:name="com.facebook.sdk.ClientToken"
54            android:value="@string/facebook_client_token" />
55
56        <activity
57            android:name="com.facebook.FacebookActivity"
58            android:configChanges="keyboard|keyboardHidden|screenLayout|screenSize|orientation"
59            android:label="@string/app_name"
60            android:theme="@style/com_facebook_activity_theme" />
60-->[com.facebook.android:facebook-common:15.2.0] AndroidManifest.xml:25:13-63
61        <activity
62            android:name="com.facebook.CustomTabActivity"
63            android:exported="true" >
64            <intent-filter>
65                <action android:name="android.intent.action.VIEW" />
65-->[com.facebook.android:facebook-common:15.2.0] AndroidManifest.xml:32:17-69
65-->[com.facebook.android:facebook-common:15.2.0] AndroidManifest.xml:32:25-66
66
67                <category android:name="android.intent.category.DEFAULT" />
67-->[com.facebook.android:facebook-common:15.2.0] AndroidManifest.xml:34:17-76
67-->[com.facebook.android:facebook-common:15.2.0] AndroidManifest.xml:34:27-73
68                <category android:name="android.intent.category.BROWSABLE" />
68-->[com.facebook.android:facebook-common:15.2.0] AndroidManifest.xml:35:17-78
68-->[com.facebook.android:facebook-common:15.2.0] AndroidManifest.xml:35:27-75
69
70                <data android:scheme="@string/fb_login_protocol_scheme" />
70-->[:file_picker] AndroidManifest.xml:15:13-44
71            </intent-filter>
72            <intent-filter>
72-->[com.facebook.android:facebook-common:15.2.0] AndroidManifest.xml:31:13-40:29
73                <action android:name="android.intent.action.VIEW" />
73-->[com.facebook.android:facebook-common:15.2.0] AndroidManifest.xml:32:17-69
73-->[com.facebook.android:facebook-common:15.2.0] AndroidManifest.xml:32:25-66
74
75                <category android:name="android.intent.category.DEFAULT" />
75-->[com.facebook.android:facebook-common:15.2.0] AndroidManifest.xml:34:17-76
75-->[com.facebook.android:facebook-common:15.2.0] AndroidManifest.xml:34:27-73
76                <category android:name="android.intent.category.BROWSABLE" />
76-->[com.facebook.android:facebook-common:15.2.0] AndroidManifest.xml:35:17-78
76-->[com.facebook.android:facebook-common:15.2.0] AndroidManifest.xml:35:27-75
77
78                <data
78-->[:file_picker] AndroidManifest.xml:15:13-44
79                    android:host="cct.com.tycho.tychostreams"
80                    android:scheme="fbconnect" />
81            </intent-filter>
82        </activity>
83        <activity
84            android:name="com.tycho.tychostreams.MainActivity"
85            android:configChanges="orientation|keyboardHidden|keyboard|screenSize|smallestScreenSize|locale|layoutDirection|fontScale|screenLayout|density|uiMode"
86            android:exported="true"
87            android:hardwareAccelerated="true"
88            android:launchMode="singleTop"
89            android:theme="@style/LaunchTheme"
90            android:windowSoftInputMode="adjustResize" >
91
92            <!--
93                 Specifies an Android theme to apply to this Activity as soon as
94                 the Android process has started. This theme is visible to the user
95                 while the Flutter UI initializes. After that, this theme continues
96                 to determine the Window background behind the Flutter UI.
97            -->
98            <meta-data
99                android:name="io.flutter.embedding.android.NormalTheme"
100                android:resource="@style/NormalTheme" />
101
102            <intent-filter>
103                <action android:name="android.intent.action.MAIN" />
104
105                <category android:name="android.intent.category.LAUNCHER" />
106            </intent-filter>
107        </activity>
108        <!--
109             Don't delete the meta-data below.
110             This is used by the Flutter tool to generate GeneratedPluginRegistrant.java
111        -->
112        <meta-data
113            android:name="flutterEmbedding"
114            android:value="2" />
115
116        <service
116-->[:firebase_messaging] AndroidManifest.xml:16:9-19:72
117            android:name="io.flutter.plugins.firebase.messaging.FlutterFirebaseMessagingBackgroundService"
117-->[:firebase_messaging] AndroidManifest.xml:17:13-107
118            android:exported="false"
118-->[:firebase_messaging] AndroidManifest.xml:18:13-37
119            android:permission="android.permission.BIND_JOB_SERVICE" />
119-->[:firebase_messaging] AndroidManifest.xml:19:13-69
120        <service
120-->[:firebase_messaging] AndroidManifest.xml:20:9-26:19
121            android:name="io.flutter.plugins.firebase.messaging.FlutterFirebaseMessagingService"
121-->[:firebase_messaging] AndroidManifest.xml:21:13-97
122            android:exported="false" >
122-->[:firebase_messaging] AndroidManifest.xml:22:13-37
123            <intent-filter>
123-->[:firebase_messaging] AndroidManifest.xml:23:13-25:29
124                <action android:name="com.google.firebase.MESSAGING_EVENT" />
124-->[:firebase_messaging] AndroidManifest.xml:24:17-78
124-->[:firebase_messaging] AndroidManifest.xml:24:25-75
125            </intent-filter>
126        </service>
127
128        <receiver
128-->[:firebase_messaging] AndroidManifest.xml:28:9-35:20
129            android:name="io.flutter.plugins.firebase.messaging.FlutterFirebaseMessagingReceiver"
129-->[:firebase_messaging] AndroidManifest.xml:29:13-98
130            android:exported="true"
130-->[:firebase_messaging] AndroidManifest.xml:30:13-36
131            android:permission="com.google.android.c2dm.permission.SEND" >
131-->[:firebase_messaging] AndroidManifest.xml:31:13-73
132            <intent-filter>
132-->[:firebase_messaging] AndroidManifest.xml:32:13-34:29
133                <action android:name="com.google.android.c2dm.intent.RECEIVE" />
133-->[:firebase_messaging] AndroidManifest.xml:33:17-81
133-->[:firebase_messaging] AndroidManifest.xml:33:25-78
134            </intent-filter>
135        </receiver>
136
137        <service
137-->[:firebase_messaging] AndroidManifest.xml:37:9-41:19
138            android:name="com.google.firebase.components.ComponentDiscoveryService"
138-->[:firebase_messaging] AndroidManifest.xml:37:18-89
139            android:directBootAware="true"
139-->[com.google.firebase:firebase-common:20.3.0] AndroidManifest.xml:34:13-43
140            android:exported="false" >
140-->[com.google.firebase:firebase-analytics-ktx:21.2.0] AndroidManifest.xml:10:13-37
141            <meta-data
141-->[:firebase_messaging] AndroidManifest.xml:38:13-40:85
142                android:name="com.google.firebase.components:io.flutter.plugins.firebase.messaging.FlutterFirebaseAppRegistrar"
142-->[:firebase_messaging] AndroidManifest.xml:39:17-128
143                android:value="com.google.firebase.components.ComponentRegistrar" />
143-->[:firebase_messaging] AndroidManifest.xml:40:17-82
144            <meta-data
144-->[:firebase_core] AndroidManifest.xml:11:13-13:85
145                android:name="com.google.firebase.components:io.flutter.plugins.firebase.core.FlutterFirebaseCoreRegistrar"
145-->[:firebase_core] AndroidManifest.xml:12:17-124
146                android:value="com.google.firebase.components.ComponentRegistrar" />
146-->[:firebase_core] AndroidManifest.xml:13:17-82
147            <meta-data
147-->[com.google.firebase:firebase-analytics-ktx:21.2.0] AndroidManifest.xml:11:13-13:85
148                android:name="com.google.firebase.components:com.google.firebase.analytics.ktx.FirebaseAnalyticsKtxRegistrar"
148-->[com.google.firebase:firebase-analytics-ktx:21.2.0] AndroidManifest.xml:12:17-126
149                android:value="com.google.firebase.components.ComponentRegistrar" />
149-->[com.google.firebase:firebase-analytics-ktx:21.2.0] AndroidManifest.xml:13:17-82
150            <meta-data
150-->[com.google.firebase:firebase-common-ktx:20.3.0] AndroidManifest.xml:14:13-16:85
151                android:name="com.google.firebase.components:com.google.firebase.ktx.FirebaseCommonKtxRegistrar"
151-->[com.google.firebase:firebase-common-ktx:20.3.0] AndroidManifest.xml:15:17-113
152                android:value="com.google.firebase.components.ComponentRegistrar" />
152-->[com.google.firebase:firebase-common-ktx:20.3.0] AndroidManifest.xml:16:17-82
153            <meta-data
153-->[com.google.firebase:firebase-messaging:23.1.1] AndroidManifest.xml:55:13-57:85
154                android:name="com.google.firebase.components:com.google.firebase.messaging.FirebaseMessagingRegistrar"
154-->[com.google.firebase:firebase-messaging:23.1.1] AndroidManifest.xml:56:17-119
155                android:value="com.google.firebase.components.ComponentRegistrar" />
155-->[com.google.firebase:firebase-messaging:23.1.1] AndroidManifest.xml:57:17-82
156            <meta-data
156-->[com.google.firebase:firebase-datatransport:18.1.7] AndroidManifest.xml:27:13-29:85
157                android:name="com.google.firebase.components:com.google.firebase.datatransport.TransportRegistrar"
157-->[com.google.firebase:firebase-datatransport:18.1.7] AndroidManifest.xml:28:17-115
158                android:value="com.google.firebase.components.ComponentRegistrar" />
158-->[com.google.firebase:firebase-datatransport:18.1.7] AndroidManifest.xml:29:17-82
159            <meta-data
159-->[com.google.firebase:firebase-iid:21.1.0] AndroidManifest.xml:32:13-34:85
160                android:name="com.google.firebase.components:com.google.firebase.iid.Registrar"
160-->[com.google.firebase:firebase-iid:21.1.0] AndroidManifest.xml:33:17-96
161                android:value="com.google.firebase.components.ComponentRegistrar" />
161-->[com.google.firebase:firebase-iid:21.1.0] AndroidManifest.xml:34:17-82
162            <meta-data
162-->[com.google.android.gms:play-services-measurement-api:21.2.0] AndroidManifest.xml:31:13-33:85
163                android:name="com.google.firebase.components:com.google.firebase.analytics.connector.internal.AnalyticsConnectorRegistrar"
163-->[com.google.android.gms:play-services-measurement-api:21.2.0] AndroidManifest.xml:32:17-139
164                android:value="com.google.firebase.components.ComponentRegistrar" />
164-->[com.google.android.gms:play-services-measurement-api:21.2.0] AndroidManifest.xml:33:17-82
165            <meta-data
165-->[com.google.firebase:firebase-installations:17.1.0] AndroidManifest.xml:17:13-19:85
166                android:name="com.google.firebase.components:com.google.firebase.installations.FirebaseInstallationsRegistrar"
166-->[com.google.firebase:firebase-installations:17.1.0] AndroidManifest.xml:18:17-127
167                android:value="com.google.firebase.components.ComponentRegistrar" />
167-->[com.google.firebase:firebase-installations:17.1.0] AndroidManifest.xml:19:17-82
168        </service>
169
170        <provider
170-->[:firebase_messaging] AndroidManifest.xml:43:9-47:38
171            android:name="io.flutter.plugins.firebase.messaging.FlutterFirebaseMessagingInitProvider"
171-->[:firebase_messaging] AndroidManifest.xml:44:13-102
172            android:authorities="com.tycho.tychostreams.flutterfirebasemessaginginitprovider"
172-->[:firebase_messaging] AndroidManifest.xml:45:13-88
173            android:exported="false"
173-->[:firebase_messaging] AndroidManifest.xml:46:13-37
174            android:initOrder="99" />
174-->[:firebase_messaging] AndroidManifest.xml:47:13-35
175        <provider
175-->[:image_picker_android] AndroidManifest.xml:10:9-18:20
176            android:name="io.flutter.plugins.imagepicker.ImagePickerFileProvider"
176-->[:image_picker_android] AndroidManifest.xml:11:13-82
177            android:authorities="com.tycho.tychostreams.flutter.image_provider"
177-->[:image_picker_android] AndroidManifest.xml:12:13-74
178            android:exported="false"
178-->[:image_picker_android] AndroidManifest.xml:13:13-37
179            android:grantUriPermissions="true" >
179-->[:image_picker_android] AndroidManifest.xml:14:13-47
180            <meta-data
180-->[:image_picker_android] AndroidManifest.xml:15:13-17:75
181                android:name="android.support.FILE_PROVIDER_PATHS"
181-->[:image_picker_android] AndroidManifest.xml:16:17-67
182                android:resource="@xml/flutter_image_picker_file_paths" />
182-->[:image_picker_android] AndroidManifest.xml:17:17-72
183        </provider>
184        <provider
184-->[:share] AndroidManifest.xml:10:9-18:20
185            android:name="io.flutter.plugins.share.ShareFileProvider"
185-->[:share] AndroidManifest.xml:11:13-70
186            android:authorities="com.tycho.tychostreams.flutter.share_provider"
186-->[:share] AndroidManifest.xml:12:13-74
187            android:exported="false"
187-->[:share] AndroidManifest.xml:13:13-37
188            android:grantUriPermissions="true" >
188-->[:share] AndroidManifest.xml:14:13-47
189            <meta-data
189-->[:image_picker_android] AndroidManifest.xml:15:13-17:75
190                android:name="android.support.FILE_PROVIDER_PATHS"
190-->[:image_picker_android] AndroidManifest.xml:16:17-67
191                android:resource="@xml/flutter_share_file_paths" />
191-->[:image_picker_android] AndroidManifest.xml:17:17-72
192        </provider>
193
194        <uses-library
194-->[androidx.window:window:1.0.0-beta04] AndroidManifest.xml:25:9-27:40
195            android:name="androidx.window.extensions"
195-->[androidx.window:window:1.0.0-beta04] AndroidManifest.xml:26:13-54
196            android:required="false" />
196-->[androidx.window:window:1.0.0-beta04] AndroidManifest.xml:27:13-37
197        <uses-library
197-->[androidx.window:window:1.0.0-beta04] AndroidManifest.xml:28:9-30:40
198            android:name="androidx.window.sidecar"
198-->[androidx.window:window:1.0.0-beta04] AndroidManifest.xml:29:13-51
199            android:required="false" />
199-->[androidx.window:window:1.0.0-beta04] AndroidManifest.xml:30:13-37
200
201        <meta-data
201-->[com.android.billingclient:billing:5.1.0] AndroidManifest.xml:23:9-25:37
202            android:name="com.google.android.play.billingclient.version"
202-->[com.android.billingclient:billing:5.1.0] AndroidManifest.xml:24:13-73
203            android:value="5.1.0" />
203-->[com.android.billingclient:billing:5.1.0] AndroidManifest.xml:25:13-34
204
205        <activity
205-->[com.android.billingclient:billing:5.1.0] AndroidManifest.xml:27:9-31:75
206            android:name="com.android.billingclient.api.ProxyBillingActivity"
206-->[com.android.billingclient:billing:5.1.0] AndroidManifest.xml:28:13-78
207            android:configChanges="keyboard|keyboardHidden|screenLayout|screenSize|orientation"
207-->[com.android.billingclient:billing:5.1.0] AndroidManifest.xml:29:13-96
208            android:exported="false"
208-->[com.android.billingclient:billing:5.1.0] AndroidManifest.xml:30:13-37
209            android:theme="@android:style/Theme.Translucent.NoTitleBar" />
209-->[com.android.billingclient:billing:5.1.0] AndroidManifest.xml:31:13-72
210
211        <receiver
211-->[com.google.firebase:firebase-messaging:23.1.1] AndroidManifest.xml:31:9-38:20
212            android:name="com.google.firebase.iid.FirebaseInstanceIdReceiver"
212-->[com.google.firebase:firebase-messaging:23.1.1] AndroidManifest.xml:32:13-78
213            android:exported="true"
213-->[com.google.firebase:firebase-messaging:23.1.1] AndroidManifest.xml:33:13-36
214            android:permission="com.google.android.c2dm.permission.SEND" >
214-->[com.google.firebase:firebase-messaging:23.1.1] AndroidManifest.xml:34:13-73
215            <intent-filter>
215-->[:firebase_messaging] AndroidManifest.xml:32:13-34:29
216                <action android:name="com.google.android.c2dm.intent.RECEIVE" />
216-->[:firebase_messaging] AndroidManifest.xml:33:17-81
216-->[:firebase_messaging] AndroidManifest.xml:33:25-78
217            </intent-filter>
218        </receiver>
219        <!--
220             FirebaseMessagingService performs security checks at runtime,
221             but set to not exported to explicitly avoid allowing another app to call it.
222        -->
223        <service
223-->[com.google.firebase:firebase-messaging:23.1.1] AndroidManifest.xml:44:9-51:19
224            android:name="com.google.firebase.messaging.FirebaseMessagingService"
224-->[com.google.firebase:firebase-messaging:23.1.1] AndroidManifest.xml:45:13-82
225            android:directBootAware="true"
225-->[com.google.firebase:firebase-messaging:23.1.1] AndroidManifest.xml:46:13-43
226            android:exported="false" >
226-->[com.google.firebase:firebase-messaging:23.1.1] AndroidManifest.xml:47:13-37
227            <intent-filter android:priority="-500" >
227-->[:firebase_messaging] AndroidManifest.xml:23:13-25:29
228                <action android:name="com.google.firebase.MESSAGING_EVENT" />
228-->[:firebase_messaging] AndroidManifest.xml:24:17-78
228-->[:firebase_messaging] AndroidManifest.xml:24:25-75
229            </intent-filter>
230        </service>
231        <service
231-->[com.google.android.datatransport:transport-backend-cct:3.1.8] AndroidManifest.xml:28:9-34:19
232            android:name="com.google.android.datatransport.runtime.backends.TransportBackendDiscovery"
232-->[com.google.android.datatransport:transport-backend-cct:3.1.8] AndroidManifest.xml:29:13-103
233            android:exported="false" >
233-->[com.google.android.datatransport:transport-backend-cct:3.1.8] AndroidManifest.xml:30:13-37
234            <meta-data
234-->[com.google.android.datatransport:transport-backend-cct:3.1.8] AndroidManifest.xml:31:13-33:39
235                android:name="backend:com.google.android.datatransport.cct.CctBackendFactory"
235-->[com.google.android.datatransport:transport-backend-cct:3.1.8] AndroidManifest.xml:32:17-94
236                android:value="cct" />
236-->[com.google.android.datatransport:transport-backend-cct:3.1.8] AndroidManifest.xml:33:17-36
237        </service>
238        <service
238-->[com.google.android.datatransport:transport-runtime:3.1.8] AndroidManifest.xml:26:9-30:19
239            android:name="com.google.android.datatransport.runtime.scheduling.jobscheduling.JobInfoSchedulerService"
239-->[com.google.android.datatransport:transport-runtime:3.1.8] AndroidManifest.xml:27:13-117
240            android:exported="false"
240-->[com.google.android.datatransport:transport-runtime:3.1.8] AndroidManifest.xml:28:13-37
241            android:permission="android.permission.BIND_JOB_SERVICE" >
241-->[com.google.android.datatransport:transport-runtime:3.1.8] AndroidManifest.xml:29:13-69
242        </service>
243
244        <receiver
244-->[com.google.android.datatransport:transport-runtime:3.1.8] AndroidManifest.xml:32:9-34:40
245            android:name="com.google.android.datatransport.runtime.scheduling.jobscheduling.AlarmManagerSchedulerBroadcastReceiver"
245-->[com.google.android.datatransport:transport-runtime:3.1.8] AndroidManifest.xml:33:13-132
246            android:exported="false" />
246-->[com.google.android.datatransport:transport-runtime:3.1.8] AndroidManifest.xml:34:13-37
247
248        <provider
248-->[com.google.firebase:firebase-common:20.3.0] AndroidManifest.xml:25:9-30:39
249            android:name="com.google.firebase.provider.FirebaseInitProvider"
249-->[com.google.firebase:firebase-common:20.3.0] AndroidManifest.xml:26:13-77
250            android:authorities="com.tycho.tychostreams.firebaseinitprovider"
250-->[com.google.firebase:firebase-common:20.3.0] AndroidManifest.xml:27:13-72
251            android:directBootAware="true"
251-->[com.google.firebase:firebase-common:20.3.0] AndroidManifest.xml:28:13-43
252            android:exported="false"
252-->[com.google.firebase:firebase-common:20.3.0] AndroidManifest.xml:29:13-37
253            android:initOrder="100" />
253-->[com.google.firebase:firebase-common:20.3.0] AndroidManifest.xml:30:13-36
254
255        <activity android:name="com.facebook.CustomTabMainActivity" />
255-->[com.facebook.android:facebook-common:15.2.0] AndroidManifest.xml:26:9-71
255-->[com.facebook.android:facebook-common:15.2.0] AndroidManifest.xml:26:19-68
256
257        <provider
257-->[androidx.work:work-runtime:2.7.0] AndroidManifest.xml:31:9-39:20
258            android:name="androidx.startup.InitializationProvider"
258-->[androidx.work:work-runtime:2.7.0] AndroidManifest.xml:32:13-67
259            android:authorities="com.tycho.tychostreams.androidx-startup"
259-->[androidx.work:work-runtime:2.7.0] AndroidManifest.xml:33:13-68
260            android:exported="false" >
260-->[androidx.work:work-runtime:2.7.0] AndroidManifest.xml:34:13-37
261            <meta-data
261-->[androidx.work:work-runtime:2.7.0] AndroidManifest.xml:36:13-38:52
262                android:name="androidx.work.WorkManagerInitializer"
262-->[androidx.work:work-runtime:2.7.0] AndroidManifest.xml:37:17-68
263                android:value="androidx.startup" />
263-->[androidx.work:work-runtime:2.7.0] AndroidManifest.xml:38:17-49
264        </provider>
265
266        <service
266-->[androidx.work:work-runtime:2.7.0] AndroidManifest.xml:41:9-46:35
267            android:name="androidx.work.impl.background.systemalarm.SystemAlarmService"
267-->[androidx.work:work-runtime:2.7.0] AndroidManifest.xml:42:13-88
268            android:directBootAware="false"
268-->[androidx.work:work-runtime:2.7.0] AndroidManifest.xml:43:13-44
269            android:enabled="@bool/enable_system_alarm_service_default"
269-->[androidx.work:work-runtime:2.7.0] AndroidManifest.xml:44:13-72
270            android:exported="false" />
270-->[androidx.work:work-runtime:2.7.0] AndroidManifest.xml:45:13-37
271        <service
271-->[androidx.work:work-runtime:2.7.0] AndroidManifest.xml:47:9-53:35
272            android:name="androidx.work.impl.background.systemjob.SystemJobService"
272-->[androidx.work:work-runtime:2.7.0] AndroidManifest.xml:48:13-84
273            android:directBootAware="false"
273-->[androidx.work:work-runtime:2.7.0] AndroidManifest.xml:49:13-44
274            android:enabled="@bool/enable_system_job_service_default"
274-->[androidx.work:work-runtime:2.7.0] AndroidManifest.xml:50:13-70
275            android:exported="true"
275-->[androidx.work:work-runtime:2.7.0] AndroidManifest.xml:51:13-36
276            android:permission="android.permission.BIND_JOB_SERVICE" />
276-->[androidx.work:work-runtime:2.7.0] AndroidManifest.xml:52:13-69
277        <service
277-->[androidx.work:work-runtime:2.7.0] AndroidManifest.xml:54:9-59:35
278            android:name="androidx.work.impl.foreground.SystemForegroundService"
278-->[androidx.work:work-runtime:2.7.0] AndroidManifest.xml:55:13-81
279            android:directBootAware="false"
279-->[androidx.work:work-runtime:2.7.0] AndroidManifest.xml:56:13-44
280            android:enabled="@bool/enable_system_foreground_service_default"
280-->[androidx.work:work-runtime:2.7.0] AndroidManifest.xml:57:13-77
281            android:exported="false" />
281-->[androidx.work:work-runtime:2.7.0] AndroidManifest.xml:58:13-37
282
283        <receiver
283-->[androidx.work:work-runtime:2.7.0] AndroidManifest.xml:61:9-66:35
284            android:name="androidx.work.impl.utils.ForceStopRunnable$BroadcastReceiver"
284-->[androidx.work:work-runtime:2.7.0] AndroidManifest.xml:62:13-88
285            android:directBootAware="false"
285-->[androidx.work:work-runtime:2.7.0] AndroidManifest.xml:63:13-44
286            android:enabled="true"
286-->[androidx.work:work-runtime:2.7.0] AndroidManifest.xml:64:13-35
287            android:exported="false" />
287-->[androidx.work:work-runtime:2.7.0] AndroidManifest.xml:65:13-37
288        <receiver
288-->[androidx.work:work-runtime:2.7.0] AndroidManifest.xml:67:9-77:20
289            android:name="androidx.work.impl.background.systemalarm.ConstraintProxy$BatteryChargingProxy"
289-->[androidx.work:work-runtime:2.7.0] AndroidManifest.xml:68:13-106
290            android:directBootAware="false"
290-->[androidx.work:work-runtime:2.7.0] AndroidManifest.xml:69:13-44
291            android:enabled="false"
291-->[androidx.work:work-runtime:2.7.0] AndroidManifest.xml:70:13-36
292            android:exported="false" >
292-->[androidx.work:work-runtime:2.7.0] AndroidManifest.xml:71:13-37
293            <intent-filter>
293-->[androidx.work:work-runtime:2.7.0] AndroidManifest.xml:73:13-76:29
294                <action android:name="android.intent.action.ACTION_POWER_CONNECTED" />
294-->[androidx.work:work-runtime:2.7.0] AndroidManifest.xml:74:17-87
294-->[androidx.work:work-runtime:2.7.0] AndroidManifest.xml:74:25-84
295                <action android:name="android.intent.action.ACTION_POWER_DISCONNECTED" />
295-->[androidx.work:work-runtime:2.7.0] AndroidManifest.xml:75:17-90
295-->[androidx.work:work-runtime:2.7.0] AndroidManifest.xml:75:25-87
296            </intent-filter>
297        </receiver>
298        <receiver
298-->[androidx.work:work-runtime:2.7.0] AndroidManifest.xml:78:9-88:20